<?xml version="1.0" encoding="UTF-8"?>
<testng-results ignored="0" total="1" passed="1" failed="0" skipped="0">
  <reporter-output>
  </reporter-output>
  <suite started-at="2024-04-21T18:06:23 IST" name="Default suite" finished-at="2024-04-21T18:06:36 IST" duration-ms="12763">
    <groups>
    </groups>
    <test started-at="2024-04-21T18:06:23 IST" name="Default test" finished-at="2024-04-21T18:06:36 IST" duration-ms="12763">
      <class name="LetCodeAutomation.LetcodeAlertHandling">
        <test-method signature="alertHandling()[pri:0, instance:LetCodeAutomation.LetcodeAlertHandling@4ff8d125]" started-at="2024-04-21T18:06:23 IST" name="alertHandling" finished-at="2024-04-21T18:06:36 IST" duration-ms="12606" status="PASS">
          <reporter-output>
          </reporter-output>
        </test-method> <!-- alertHandling -->
      </class> <!-- LetCodeAutomation.LetcodeAlertHandling -->
    </test> <!-- Default test -->
  </suite> <!-- Default suite -->
</testng-results>
